{"C:\\Users\\kevin\\Desktop\\kfc-dh-api\\src\\middleware\\auth.js": {"path":"C:\\Users\\kevin\\Desktop\\kfc-dh-api\\src\\middleware\\auth.js","statementMap":{"0":{"start":{"line":2,"column":17},"end":{"line":2,"column":40}},"1":{"start":{"line":3,"column":17},"end":{"line":3,"column":46}},"2":{"start":{"line":7,"column":2},"end":{"line":20,"column":3}},"3":{"start":{"line":8,"column":19},"end":{"line":8,"column":44}},"4":{"start":{"line":9,"column":4},"end":{"line":11,"column":5}},"5":{"start":{"line":10,"column":6},"end":{"line":10,"column":63}},"6":{"start":{"line":13,"column":18},"end":{"line":13,"column":38}},"7":{"start":{"line":14,"column":20},"end":{"line":14,"column":61}},"8":{"start":{"line":16,"column":4},"end":{"line":16,"column":22}},"9":{"start":{"line":17,"column":4},"end":{"line":17,"column":10}},"10":{"start":{"line":19,"column":4},"end":{"line":19,"column":71}},"11":{"start":{"line":25,"column":2},"end":{"line":27,"column":3}},"12":{"start":{"line":26,"column":4},"end":{"line":26,"column":85}},"13":{"start":{"line":28,"column":2},"end":{"line":28,"column":8}},"14":{"start":{"line":33,"column":2},"end":{"line":35,"column":3}},"15":{"start":{"line":34,"column":4},"end":{"line":34,"column":82}},"16":{"start":{"line":36,"column":2},"end":{"line":36,"column":8}},"17":{"start":{"line":41,"column":2},"end":{"line":43,"column":3}},"18":{"start":{"line":42,"column":4},"end":{"line":42,"column":61}},"19":{"start":{"line":44,"column":2},"end":{"line":44,"column":8}},"20":{"start":{"line":47,"column":0},"end":{"line":47,"column":77}}},"fnMap":{"0":{"name":"requireAuth","decl":{"start":{"line":6,"column":15},"end":{"line":6,"column":26}},"loc":{"start":{"line":6,"column":43},"end":{"line":21,"column":1}},"line":6},"1":{"name":"requireAdmin","decl":{"start":{"line":24,"column":9},"end":{"line":24,"column":21}},"loc":{"start":{"line":24,"column":38},"end":{"line":29,"column":1}},"line":24},"2":{"name":"requireDH","decl":{"start":{"line":32,"column":9},"end":{"line":32,"column":18}},"loc":{"start":{"line":32,"column":35},"end":{"line":37,"column":1}},"line":32},"3":{"name":"requireRestaurante","decl":{"start":{"line":40,"column":9},"end":{"line":40,"column":27}},"loc":{"start":{"line":40,"column":44},"end":{"line":45,"column":1}},"line":40}},"branchMap":{"0":{"loc":{"start":{"line":9,"column":4},"end":{"line":11,"column":5}},"type":"if","locations":[{"start":{"line":9,"column":4},"end":{"line":11,"column":5}},{"start":{},"end":{}}],"line":9},"1":{"loc":{"start":{"line":25,"column":2},"end":{"line":27,"column":3}},"type":"if","locations":[{"start":{"line":25,"column":2},"end":{"line":27,"column":3}},{"start":{},"end":{}}],"line":25},"2":{"loc":{"start":{"line":33,"column":2},"end":{"line":35,"column":3}},"type":"if","locations":[{"start":{"line":33,"column":2},"end":{"line":35,"column":3}},{"start":{},"end":{}}],"line":33},"3":{"loc":{"start":{"line":41,"column":2},"end":{"line":43,"column":3}},"type":"if","locations":[{"start":{"line":41,"column":2},"end":{"line":43,"column":3}},{"start":{},"end":{}}],"line":41}},"s":{"0":1,"1":1,"2":2,"3":2,"4":2,"5":1,"6":1,"7":1,"8":0,"9":0,"10":1,"11":0,"12":0,"13":0,"14":0,"15":0,"16":0,"17":0,"18":0,"19":0,"20":1},"f":{"0":2,"1":0,"2":0,"3":0},"b":{"0":[1,1],"1":[0,0],"2":[0,0],"3":[0,0]},"_coverageSchema":"1a1c01bbd47fc00a2c39e90264f33305004495a9","hash":"b8c4524f67efe54925ead0f490bc37dcebd3dce5"}
,"C:\\Users\\kevin\\Desktop\\kfc-dh-api\\src\\routes\\auth.js": {"path":"C:\\Users\\kevin\\Desktop\\kfc-dh-api\\src\\routes\\auth.js","statementMap":{"0":{"start":{"line":2,"column":17},"end":{"line":2,"column":35}},"1":{"start":{"line":3,"column":17},"end":{"line":3,"column":40}},"2":{"start":{"line":4,"column":17},"end":{"line":4,"column":46}},"3":{"start":{"line":5,"column":24},"end":{"line":5,"column":53}},"4":{"start":{"line":7,"column":15},"end":{"line":7,"column":31}},"5":{"start":{"line":11,"column":0},"end":{"line":94,"column":2}},"6":{"start":{"line":12,"column":2},"end":{"line":93,"column":3}},"7":{"start":{"line":13,"column":32},"end":{"line":13,"column":40}},"8":{"start":{"line":14,"column":4},"end":{"line":16,"column":5}},"9":{"start":{"line":15,"column":6},"end":{"line":15,"column":75}},"10":{"start":{"line":19,"column":49},"end":{"line":21,"column":6}},"11":{"start":{"line":23,"column":4},"end":{"line":25,"column":5}},"12":{"start":{"line":24,"column":6},"end":{"line":24,"column":72}},"13":{"start":{"line":27,"column":19},"end":{"line":27,"column":35}},"14":{"start":{"line":30,"column":18},"end":{"line":30,"column":22}},"15":{"start":{"line":31,"column":18},"end":{"line":31,"column":22}},"16":{"start":{"line":34,"column":28},"end":{"line":39,"column":20}},"17":{"start":{"line":41,"column":4},"end":{"line":41,"column":50}},"18":{"start":{"line":41,"column":17},"end":{"line":41,"column":32}},"19":{"start":{"line":41,"column":33},"end":{"line":41,"column":48}},"20":{"start":{"line":44,"column":4},"end":{"line":53,"column":5}},"21":{"start":{"line":45,"column":27},"end":{"line":50,"column":22}},"22":{"start":{"line":52,"column":6},"end":{"line":52,"column":43}},"23":{"start":{"line":52,"column":16},"end":{"line":52,"column":28}},"24":{"start":{"line":52,"column":29},"end":{"line":52,"column":41}},"25":{"start":{"line":56,"column":4},"end":{"line":65,"column":5}},"26":{"start":{"line":57,"column":36},"end":{"line":62,"column":22}},"27":{"start":{"line":64,"column":6},"end":{"line":64,"column":70}},"28":{"start":{"line":64,"column":25},"end":{"line":64,"column":46}},"29":{"start":{"line":64,"column":47},"end":{"line":64,"column":68}},"30":{"start":{"line":67,"column":4},"end":{"line":69,"column":5}},"31":{"start":{"line":68,"column":6},"end":{"line":68,"column":88}},"32":{"start":{"line":72,"column":18},"end":{"line":81,"column":5}},"33":{"start":{"line":83,"column":4},"end":{"line":88,"column":6}},"34":{"start":{"line":91,"column":4},"end":{"line":91,"column":38}},"35":{"start":{"line":92,"column":4},"end":{"line":92,"column":65}},"36":{"start":{"line":97,"column":0},"end":{"line":116,"column":2}},"37":{"start":{"line":98,"column":2},"end":{"line":115,"column":3}},"38":{"start":{"line":99,"column":32},"end":{"line":99,"column":40}},"39":{"start":{"line":100,"column":18},"end":{"line":102,"column":32}},"40":{"start":{"line":104,"column":28},"end":{"line":108,"column":15}},"41":{"start":{"line":110,"column":4},"end":{"line":110,"column":77}},"42":{"start":{"line":110,"column":15},"end":{"line":110,"column":77}},"43":{"start":{"line":112,"column":4},"end":{"line":112,"column":37}},"44":{"start":{"line":114,"column":4},"end":{"line":114,"column":52}},"45":{"start":{"line":119,"column":0},"end":{"line":122,"column":2}},"46":{"start":{"line":121,"column":2},"end":{"line":121,"column":51}},"47":{"start":{"line":124,"column":0},"end":{"line":124,"column":23}}},"fnMap":{"0":{"name":"(anonymous_0)","decl":{"start":{"line":11,"column":22},"end":{"line":11,"column":23}},"loc":{"start":{"line":11,"column":42},"end":{"line":94,"column":1}},"line":11},"1":{"name":"(anonymous_1)","decl":{"start":{"line":97,"column":31},"end":{"line":97,"column":32}},"loc":{"start":{"line":97,"column":51},"end":{"line":116,"column":1}},"line":97},"2":{"name":"(anonymous_2)","decl":{"start":{"line":119,"column":36},"end":{"line":119,"column":37}},"loc":{"start":{"line":119,"column":56},"end":{"line":122,"column":1}},"line":119}},"branchMap":{"0":{"loc":{"start":{"line":14,"column":4},"end":{"line":16,"column":5}},"type":"if","locations":[{"start":{"line":14,"column":4},"end":{"line":16,"column":5}},{"start":{},"end":{}}],"line":14},"1":{"loc":{"start":{"line":14,"column":8},"end":{"line":14,"column":27}},"type":"binary-expr","locations":[{"start":{"line":14,"column":8},"end":{"line":14,"column":14}},{"start":{"line":14,"column":18},"end":{"line":14,"column":27}}],"line":14},"2":{"loc":{"start":{"line":23,"column":4},"end":{"line":25,"column":5}},"type":"if","locations":[{"start":{"line":23,"column":4},"end":{"line":25,"column":5}},{"start":{},"end":{}}],"line":23},"3":{"loc":{"start":{"line":23,"column":8},"end":{"line":23,"column":35}},"type":"binary-expr","locations":[{"start":{"line":23,"column":8},"end":{"line":23,"column":17}},{"start":{"line":23,"column":21},"end":{"line":23,"column":35}}],"line":23},"4":{"loc":{"start":{"line":41,"column":4},"end":{"line":41,"column":50}},"type":"if","locations":[{"start":{"line":41,"column":4},"end":{"line":41,"column":50}},{"start":{},"end":{}}],"line":41},"5":{"loc":{"start":{"line":44,"column":4},"end":{"line":53,"column":5}},"type":"if","locations":[{"start":{"line":44,"column":4},"end":{"line":53,"column":5}},{"start":{},"end":{}}],"line":44},"6":{"loc":{"start":{"line":52,"column":6},"end":{"line":52,"column":43}},"type":"if","locations":[{"start":{"line":52,"column":6},"end":{"line":52,"column":43}},{"start":{},"end":{}}],"line":52},"7":{"loc":{"start":{"line":56,"column":4},"end":{"line":65,"column":5}},"type":"if","locations":[{"start":{"line":56,"column":4},"end":{"line":65,"column":5}},{"start":{},"end":{}}],"line":56},"8":{"loc":{"start":{"line":64,"column":6},"end":{"line":64,"column":70}},"type":"if","locations":[{"start":{"line":64,"column":6},"end":{"line":64,"column":70}},{"start":{},"end":{}}],"line":64},"9":{"loc":{"start":{"line":67,"column":4},"end":{"line":69,"column":5}},"type":"if","locations":[{"start":{"line":67,"column":4},"end":{"line":69,"column":5}},{"start":{},"end":{}}],"line":67},"10":{"loc":{"start":{"line":80,"column":19},"end":{"line":80,"column":53}},"type":"binary-expr","locations":[{"start":{"line":80,"column":19},"end":{"line":80,"column":45}},{"start":{"line":80,"column":49},"end":{"line":80,"column":53}}],"line":80},"11":{"loc":{"start":{"line":87,"column":17},"end":{"line":87,"column":51}},"type":"binary-expr","locations":[{"start":{"line":87,"column":17},"end":{"line":87,"column":43}},{"start":{"line":87,"column":47},"end":{"line":87,"column":51}}],"line":87},"12":{"loc":{"start":{"line":100,"column":18},"end":{"line":102,"column":32}},"type":"cond-expr","locations":[{"start":{"line":100,"column":37},"end":{"line":100,"column":54}},{"start":{"line":101,"column":18},"end":{"line":102,"column":32}}],"line":100},"13":{"loc":{"start":{"line":101,"column":18},"end":{"line":102,"column":32}},"type":"cond-expr","locations":[{"start":{"line":101,"column":37},"end":{"line":101,"column":50}},{"start":{"line":102,"column":18},"end":{"line":102,"column":32}}],"line":101},"14":{"loc":{"start":{"line":110,"column":4},"end":{"line":110,"column":77}},"type":"if","locations":[{"start":{"line":110,"column":4},"end":{"line":110,"column":77}},{"start":{},"end":{}}],"line":110}},"s":{"0":1,"1":1,"2":1,"3":1,"4":1,"5":1,"6":3,"7":3,"8":3,"9":1,"10":2,"11":2,"12":1,"13":1,"14":1,"15":1,"16":1,"17":1,"18":0,"19":0,"20":1,"21":1,"22":1,"23":0,"24":0,"25":1,"26":1,"27":1,"28":0,"29":0,"30":1,"31":1,"32":0,"33":0,"34":0,"35":0,"36":1,"37":0,"38":0,"39":0,"40":0,"41":0,"42":0,"43":0,"44":0,"45":1,"46":0,"47":1},"f":{"0":3,"1":0,"2":0},"b":{"0":[1,2],"1":[3,2],"2":[1,1],"3":[2,1],"4":[0,1],"5":[1,0],"6":[0,1],"7":[1,0],"8":[0,1],"9":[1,0],"10":[0,0],"11":[0,0],"12":[0,0],"13":[0,0],"14":[0,0]},"_coverageSchema":"1a1c01bbd47fc00a2c39e90264f33305004495a9","hash":"98e55876ddf2c222c3f08a12547e66f699fde001"}
}
