TN:
SF:src\middleware\auth.js
FN:6,requireAuth
FN:24,requireAdmin
FN:32,requireDH
FN:40,requireRestaurante
FNF:4
FNH:1
FNDA:2,requireAuth
FNDA:0,requireAdmin
FNDA:0,requireDH
FNDA:0,requireRestaurante
DA:2,1
DA:3,1
DA:7,2
DA:8,2
DA:9,2
DA:10,1
DA:13,1
DA:14,1
DA:16,0
DA:17,0
DA:19,1
DA:25,0
DA:26,0
DA:28,0
DA:33,0
DA:34,0
DA:36,0
DA:41,0
DA:42,0
DA:44,0
DA:47,1
LF:21
LH:10
BRDA:9,0,0,1
BRDA:9,0,1,1
BRDA:25,1,0,0
BRDA:25,1,1,0
BRDA:33,2,0,0
BRDA:33,2,1,0
BRDA:41,3,0,0
BRDA:41,3,1,0
BRF:8
BRH:2
end_of_record
TN:
SF:src\routes\auth.js
FN:11,(anonymous_0)
FN:97,(anonymous_1)
FN:119,(anonymous_2)
FNF:3
FNH:1
FNDA:3,(anonymous_0)
FNDA:0,(anonymous_1)
FNDA:0,(anonymous_2)
DA:2,1
DA:3,1
DA:4,1
DA:5,1
DA:7,1
DA:11,1
DA:12,3
DA:13,3
DA:14,3
DA:15,1
DA:19,2
DA:23,2
DA:24,1
DA:27,1
DA:30,1
DA:31,1
DA:34,1
DA:41,1
DA:44,1
DA:45,1
DA:52,1
DA:56,1
DA:57,1
DA:64,1
DA:67,1
DA:68,1
DA:72,0
DA:83,0
DA:91,0
DA:92,0
DA:97,1
DA:98,0
DA:99,0
DA:100,0
DA:104,0
DA:110,0
DA:112,0
DA:114,0
DA:119,1
DA:121,0
DA:124,1
LF:41
LH:29
BRDA:14,0,0,1
BRDA:14,0,1,2
BRDA:14,1,0,3
BRDA:14,1,1,2
BRDA:23,2,0,1
BRDA:23,2,1,1
BRDA:23,3,0,2
BRDA:23,3,1,1
BRDA:41,4,0,0
BRDA:41,4,1,1
BRDA:44,5,0,1
BRDA:44,5,1,0
BRDA:52,6,0,0
BRDA:52,6,1,1
BRDA:56,7,0,1
BRDA:56,7,1,0
BRDA:64,8,0,0
BRDA:64,8,1,1
BRDA:67,9,0,1
BRDA:67,9,1,0
BRDA:80,10,0,0
BRDA:80,10,1,0
BRDA:87,11,0,0
BRDA:87,11,1,0
BRDA:100,12,0,0
BRDA:100,12,1,0
BRDA:101,13,0,0
BRDA:101,13,1,0
BRDA:110,14,0,0
BRDA:110,14,1,0
BRF:30
BRH:14
end_of_record
